#-----------------------------------------------------------
# Webtalk v2018.3 (64-bit)
# SW Build 2405991 on Thu Dec  6 23:36:41 MST 2018
# 
# Start of session at: Mon Jul 29 17:38:41 2019
# Process ID: 21242
# Current directory: /home/watson/ads_nas0/work/pcie_dma/u200/2018.3/u200_pciedma_mm/u200_pciedma_mm.sdk/webtalk
# Command line: wbtcv -mode batch -source sdk_webtalk.tcl
# Log file: /home/watson/ads_nas0/work/pcie_dma/u200/2018.3/u200_pciedma_mm/u200_pciedma_mm.sdk/webtalk/webtalk.log
# Journal file: /home/watson/ads_nas0/work/pcie_dma/u200/2018.3/u200_pciedma_mm/u200_pciedma_mm.sdk/webtalk/webtalk.jou
#-----------------------------------------------------------
source sdk_webtalk.tcl
# webtalk_init -webtalk_dir /home/watson/ads_nas0/work/pcie_dma/u200/2018.3/u200_pciedma_mm/u200_pciedma_mm.sdk/webtalk
# webtalk_register_client -client project
# webtalk_add_data -client project -key date_generated -value "2019-07-29 17:38:40" -context "software_version_and_target_device"
# webtalk_add_data -client project -key product_version -value "SDK v2018.3" -context "software_version_and_target_device"
# webtalk_add_data -client project -key build_version -value "2018.3" -context "software_version_and_target_device"
# webtalk_add_data -client project -key os_platform -value "amd64" -context "software_version_and_target_device"
# webtalk_add_data -client project -key registration_id -value "15710670_15690819_210626499_869" -context "software_version_and_target_device"
# webtalk_add_data -client project -key tool_flow -value "SDK" -context "software_version_and_target_device"
# webtalk_add_data -client project -key beta -value "false" -context "software_version_and_target_device"
# webtalk_add_data -client project -key route_design -value "NA" -context "software_version_and_target_device"
# webtalk_add_data -client project -key target_family -value "NA" -context "software_version_and_target_device"
# webtalk_add_data -client project -key target_device -value "NA" -context "software_version_and_target_device"
# webtalk_add_data -client project -key target_package -value "NA" -context "software_version_and_target_device"
# webtalk_add_data -client project -key target_speed -value "NA" -context "software_version_and_target_device"
# webtalk_add_data -client project -key random_id -value "affae1j80ipls9k3665h1jmto" -context "software_version_and_target_device"
# webtalk_add_data -client project -key project_id -value "2018.3_25" -context "software_version_and_target_device"
# webtalk_add_data -client project -key project_iteration -value "25" -context "software_version_and_target_device"
# webtalk_add_data -client project -key os_name -value "Ubuntu" -context "user_environment"
# webtalk_add_data -client project -key os_release -value "Ubuntu 16.04.5 LTS" -context "user_environment"
# webtalk_add_data -client project -key cpu_name -value "Intel(R) Core(TM) i7-8750H CPU @ 2.20GHz" -context "user_environment"
# webtalk_add_data -client project -key cpu_speed -value "3985.333 MHz" -context "user_environment"
# webtalk_add_data -client project -key total_processors -value "1" -context "user_environment"
# webtalk_add_data -client project -key system_ram -value "33.565 GB" -context "user_environment"
# webtalk_register_client -client sdk
# webtalk_add_data -client sdk -key uid -value "1564392438000" -context "sdk\\\\hardware/1564392438000"
# webtalk_add_data -client sdk -key isZynq -value "false" -context "sdk\\\\hardware/1564392438000"
# webtalk_add_data -client sdk -key isZynqMP -value "false" -context "sdk\\\\hardware/1564392438000"
# webtalk_add_data -client sdk -key Processors -value "1" -context "sdk\\\\hardware/1564392438000"
# webtalk_add_data -client sdk -key VivadoVersion -value "2018.3" -context "sdk\\\\hardware/1564392438000"
# webtalk_add_data -client sdk -key Arch -value "virtexuplus" -context "sdk\\\\hardware/1564392438000"
# webtalk_add_data -client sdk -key Device -value "xcu200" -context "sdk\\\\hardware/1564392438000"
# webtalk_add_data -client sdk -key IsHandoff -value "true" -context "sdk\\\\hardware/1564392438000"
# webtalk_add_data -client sdk -key os -value "NA" -context "sdk\\\\hardware/1564392438000"
# webtalk_add_data -client sdk -key apptemplate -value "NA" -context "sdk\\\\hardware/1564392438000"
# webtalk_add_data -client sdk -key RecordType -value "HWCreation" -context "sdk\\\\hardware/1564392438000"
# webtalk_add_data -client sdk -key uid -value "1564392461000" -context "sdk\\\\bsp/1564392461000"
# webtalk_add_data -client sdk -key hwid -value "1564392438000" -context "sdk\\\\bsp/1564392461000"
# webtalk_add_data -client sdk -key os -value "standalone" -context "sdk\\\\bsp/1564392461000"
# webtalk_add_data -client sdk -key apptemplate -value "hello_world" -context "sdk\\\\bsp/1564392461000"
# webtalk_add_data -client sdk -key RecordType -value "BSPCreation" -context "sdk\\\\bsp/1564392461000"
# webtalk_add_data -client sdk -key uid -value "1564392473000" -context "sdk\\\\application/1564392473000"
# webtalk_add_data -client sdk -key hwid -value "1564392438000" -context "sdk\\\\application/1564392473000"
# webtalk_add_data -client sdk -key bspid -value "1564392461000" -context "sdk\\\\application/1564392473000"
# webtalk_add_data -client sdk -key newbsp -value "true" -context "sdk\\\\application/1564392473000"
# webtalk_add_data -client sdk -key os -value "standalone" -context "sdk\\\\application/1564392473000"
# webtalk_add_data -client sdk -key apptemplate -value "hello_world" -context "sdk\\\\application/1564392473000"
# webtalk_add_data -client sdk -key RecordType -value "APPCreation" -context "sdk\\\\application/1564392473000"
# webtalk_add_data -client sdk -key LangUsed -value "C" -context "sdk\\\\application/1564392473000"
# webtalk_add_data -client sdk -key Procused -value "microblaze" -context "sdk\\\\application/1564392473000"
# webtalk_add_data -client sdk -key projSize -value "255.40234375" -context "sdk\\\\application/1564392473000"
# webtalk_add_data -client sdk -key uid -value "NA" -context "sdk\\\\bsp/1564393120231"
# webtalk_add_data -client sdk -key RecordType -value "ToolUsage" -context "sdk\\\\bsp/1564393120231"
# webtalk_add_data -client sdk -key BootgenCount -value "0" -context "sdk\\\\bsp/1564393120231"
# webtalk_add_data -client sdk -key DebugCount -value "4" -context "sdk\\\\bsp/1564393120231"
# webtalk_add_data -client sdk -key PerfCount -value "0" -context "sdk\\\\bsp/1564393120231"
# webtalk_add_data -client sdk -key FlashCount -value "0" -context "sdk\\\\bsp/1564393120231"
# webtalk_add_data -client sdk -key CrossTriggCount -value "0" -context "sdk\\\\bsp/1564393120231"
# webtalk_add_data -client sdk -key QemuDebugCount -value "0" -context "sdk\\\\bsp/1564393120231"
# webtalk_transmit -clientid 1848742405 -regid "15710670_15690819_210626499_869" -xml /home/watson/ads_nas0/work/pcie_dma/u200/2018.3/u200_pciedma_mm/u200_pciedma_mm.sdk/webtalk/usage_statistics_ext_sdk.xml -html /home/watson/ads_nas0/work/pcie_dma/u200/2018.3/u200_pciedma_mm/u200_pciedma_mm.sdk/webtalk/usage_statistics_ext_sdk.html -wdm /home/watson/ads_nas0/work/pcie_dma/u200/2018.3/u200_pciedma_mm/u200_pciedma_mm.sdk/webtalk/sdk_webtalk.wdm -intro "<H3>SDK Usage Report</H3><BR>"
INFO: [Common 17-186] '/home/watson/ads_nas0/work/pcie_dma/u200/2018.3/u200_pciedma_mm/u200_pciedma_mm.sdk/webtalk/usage_statistics_ext_sdk.xml' has been successfully sent to Xilinx on Mon Jul 29 17:38:45 2019. For additional details about this file, please refer to the WebTalk help file at /home/watson/xilinx_tools/Xilinx_SDSoC/SDK/2018.3/doc/webtalk_introduction.html.
# webtalk_terminate
INFO: [Common 17-206] Exiting Webtalk at Mon Jul 29 17:38:45 2019...
