#-----------------------------------------------------------
# Webtalk v2018.3 (64-bit)
# SW Build 2405991 on Thu Dec  6 23:36:41 MST 2018
# 
# Start of session at: Thu Aug  8 16:28:34 2019
# Process ID: 11848
# Current directory: /home/fpga/Mei/Eth/WIP/20190807/u200_pciedma_mm/u200_pciedma_mm.sdk/webtalk
# Command line: wbtcv -mode batch -source sdk_webtalk.tcl
# Log file: /home/fpga/Mei/Eth/WIP/20190807/u200_pciedma_mm/u200_pciedma_mm.sdk/webtalk/webtalk.log
# Journal file: /home/fpga/Mei/Eth/WIP/20190807/u200_pciedma_mm/u200_pciedma_mm.sdk/webtalk/webtalk.jou
#-----------------------------------------------------------
source sdk_webtalk.tcl
# webtalk_init -webtalk_dir /home/fpga/Mei/Eth/WIP/20190807/u200_pciedma_mm/u200_pciedma_mm.sdk/webtalk
# webtalk_register_client -client project
# webtalk_add_data -client project -key date_generated -value "2019-08-08 16:28:33" -context "software_version_and_target_device"
# webtalk_add_data -client project -key product_version -value "SDK v2018.3" -context "software_version_and_target_device"
# webtalk_add_data -client project -key build_version -value "2018.3" -context "software_version_and_target_device"
# webtalk_add_data -client project -key os_platform -value "amd64" -context "software_version_and_target_device"
# webtalk_add_data -client project -key registration_id -value "211489177_1777534909_0_306" -context "software_version_and_target_device"
# webtalk_add_data -client project -key tool_flow -value "SDK" -context "software_version_and_target_device"
# webtalk_add_data -client project -key beta -value "false" -context "software_version_and_target_device"
# webtalk_add_data -client project -key route_design -value "NA" -context "software_version_and_target_device"
# webtalk_add_data -client project -key target_family -value "NA" -context "software_version_and_target_device"
# webtalk_add_data -client project -key target_device -value "NA" -context "software_version_and_target_device"
# webtalk_add_data -client project -key target_package -value "NA" -context "software_version_and_target_device"
# webtalk_add_data -client project -key target_speed -value "NA" -context "software_version_and_target_device"
# webtalk_add_data -client project -key random_id -value "cjdca22ls10dr8i3v5rmccrib4" -context "software_version_and_target_device"
# webtalk_add_data -client project -key project_id -value "2018.3_14" -context "software_version_and_target_device"
# webtalk_add_data -client project -key project_iteration -value "14" -context "software_version_and_target_device"
# webtalk_add_data -client project -key os_name -value "Ubuntu" -context "user_environment"
# webtalk_add_data -client project -key os_release -value "Ubuntu 16.04.6 LTS" -context "user_environment"
# webtalk_add_data -client project -key cpu_name -value "Intel(R) Core(TM) i7-9700K CPU @ 3.60GHz" -context "user_environment"
# webtalk_add_data -client project -key cpu_speed -value "4652.019 MHz" -context "user_environment"
# webtalk_add_data -client project -key total_processors -value "1" -context "user_environment"
# webtalk_add_data -client project -key system_ram -value "67.407 GB" -context "user_environment"
# webtalk_register_client -client sdk
# webtalk_add_data -client sdk -key uid -value "1565247903000" -context "sdk\\\\hardware/1565247903000"
# webtalk_add_data -client sdk -key isZynq -value "false" -context "sdk\\\\hardware/1565247903000"
# webtalk_add_data -client sdk -key isZynqMP -value "false" -context "sdk\\\\hardware/1565247903000"
# webtalk_add_data -client sdk -key Processors -value "1" -context "sdk\\\\hardware/1565247903000"
# webtalk_add_data -client sdk -key VivadoVersion -value "2018.3" -context "sdk\\\\hardware/1565247903000"
# webtalk_add_data -client sdk -key Arch -value "virtexuplus" -context "sdk\\\\hardware/1565247903000"
# webtalk_add_data -client sdk -key Device -value "xcu200" -context "sdk\\\\hardware/1565247903000"
# webtalk_add_data -client sdk -key IsHandoff -value "true" -context "sdk\\\\hardware/1565247903000"
# webtalk_add_data -client sdk -key os -value "NA" -context "sdk\\\\hardware/1565247903000"
# webtalk_add_data -client sdk -key apptemplate -value "NA" -context "sdk\\\\hardware/1565247903000"
# webtalk_add_data -client sdk -key RecordType -value "HWCreation" -context "sdk\\\\hardware/1565247903000"
# webtalk_add_data -client sdk -key uid -value "NA" -context "sdk\\\\bsp/1565252913624"
# webtalk_add_data -client sdk -key RecordType -value "ToolUsage" -context "sdk\\\\bsp/1565252913624"
# webtalk_add_data -client sdk -key BootgenCount -value "0" -context "sdk\\\\bsp/1565252913624"
# webtalk_add_data -client sdk -key DebugCount -value "0" -context "sdk\\\\bsp/1565252913624"
# webtalk_add_data -client sdk -key PerfCount -value "0" -context "sdk\\\\bsp/1565252913624"
# webtalk_add_data -client sdk -key FlashCount -value "0" -context "sdk\\\\bsp/1565252913624"
# webtalk_add_data -client sdk -key CrossTriggCount -value "0" -context "sdk\\\\bsp/1565252913624"
# webtalk_add_data -client sdk -key QemuDebugCount -value "0" -context "sdk\\\\bsp/1565252913624"
# webtalk_transmit -clientid 2809948726 -regid "211489177_1777534909_0_306" -xml /home/fpga/Mei/Eth/WIP/20190807/u200_pciedma_mm/u200_pciedma_mm.sdk/webtalk/usage_statistics_ext_sdk.xml -html /home/fpga/Mei/Eth/WIP/20190807/u200_pciedma_mm/u200_pciedma_mm.sdk/webtalk/usage_statistics_ext_sdk.html -wdm /home/fpga/Mei/Eth/WIP/20190807/u200_pciedma_mm/u200_pciedma_mm.sdk/webtalk/sdk_webtalk.wdm -intro "<H3>SDK Usage Report</H3><BR>"
INFO: [Common 17-186] '/home/fpga/Mei/Eth/WIP/20190807/u200_pciedma_mm/u200_pciedma_mm.sdk/webtalk/usage_statistics_ext_sdk.xml' has been successfully sent to Xilinx on Thu Aug  8 16:28:37 2019. For additional details about this file, please refer to the WebTalk help file at /opt/Xilinx/SDK/2018.3/doc/webtalk_introduction.html.
# webtalk_terminate
INFO: [Common 17-206] Exiting Webtalk at Thu Aug  8 16:28:37 2019...
