17:27:06 INFO  : Registering command handlers for SDK TCF services
17:27:08 INFO  : Launching XSCT server: xsct -n -interactive /home/watson/ads_nas0/work/pcie_dma/u200/2018.3/u200_pciedma_mm/u200_pciedma_mm.sdk/temp_xsdb_launch_script.tcl
17:27:12 INFO  : XSCT server has started successfully.
17:27:12 INFO  : Successfully done setting XSCT server connection channel  
17:27:14 INFO  : Processing command line option -hwspec /home/watson/ads_nas0/work/pcie_dma/u200/2018.3/u200_pciedma_mm/u200_pciedma_mm.sdk/design_1_wrapper.hdf.
17:27:14 INFO  : Successfully done setting SDK workspace  
17:29:10 INFO  : 'targets -set -filter {jtag_cable_name =~ "Xilinx A-U200-A64G FT4232H 2129048AJ005A" && level==0} -index 0' command is executed.
17:29:10 INFO  : 'fpga -state' command is executed.
17:29:10 INFO  : Connected to target on host '127.0.0.1' and port '3121'.
17:29:11 INFO  : Jtag cable 'Xilinx A-U200-A64G FT4232H 2129048AJ005A' is selected.
17:29:11 INFO  : 'jtag frequency' command is executed.
17:29:11 INFO  : 'configparams mdm-detect-bscan-mask 2' command is executed.
17:29:11 INFO  : Context for processor 'accelerator_0_microblaze_0' is selected.
17:29:11 ERROR : Cannot stop MicroBlaze. MicroBlaze is held in reset
17:29:11 INFO  : ----------------XSDB Script----------------
connect -url tcp:127.0.0.1:3121
configparams mdm-detect-bscan-mask 2
targets -set -nocase -filter {name =~ "microblaze*#0" && bscan=="USER2"  && jtag_cable_name =~ "Xilinx A-U200-A64G FT4232H 2129048AJ005A"} -index 0
rst -processor
----------------End of Script----------------

17:29:30 INFO  : 'targets -set -filter {jtag_cable_name =~ "Xilinx A-U200-A64G FT4232H 2129048AJ005A" && level==0} -index 0' command is executed.
17:29:30 INFO  : 'fpga -state' command is executed.
17:29:30 INFO  : Connected to target on host '127.0.0.1' and port '3121'.
17:29:30 INFO  : Jtag cable 'Xilinx A-U200-A64G FT4232H 2129048AJ005A' is selected.
17:29:30 INFO  : 'jtag frequency' command is executed.
17:29:30 INFO  : 'configparams mdm-detect-bscan-mask 2' command is executed.
17:29:30 INFO  : Context for processor 'accelerator_0_microblaze_0' is selected.
17:29:30 ERROR : Cannot stop MicroBlaze. MicroBlaze is held in reset
17:29:30 INFO  : ----------------XSDB Script----------------
connect -url tcp:127.0.0.1:3121
configparams mdm-detect-bscan-mask 2
targets -set -nocase -filter {name =~ "microblaze*#0" && bscan=="USER2"  && jtag_cable_name =~ "Xilinx A-U200-A64G FT4232H 2129048AJ005A"} -index 0
rst -processor
----------------End of Script----------------

17:29:41 INFO  : 'targets -set -filter {jtag_cable_name =~ "Xilinx A-U200-A64G FT4232H 2129048AJ005A" && level==0} -index 0' command is executed.
17:29:41 INFO  : 'fpga -state' command is executed.
17:29:41 INFO  : Connected to target on host '127.0.0.1' and port '3121'.
17:29:42 INFO  : Jtag cable 'Xilinx A-U200-A64G FT4232H 2129048AJ005A' is selected.
17:29:42 INFO  : 'jtag frequency' command is executed.
17:29:42 INFO  : 'configparams mdm-detect-bscan-mask 2' command is executed.
17:29:42 INFO  : Context for processor 'accelerator_0_microblaze_0' is selected.
17:29:42 ERROR : Cannot stop MicroBlaze. MicroBlaze is held in reset
17:29:42 INFO  : ----------------XSDB Script----------------
connect -url tcp:127.0.0.1:3121
configparams mdm-detect-bscan-mask 2
targets -set -nocase -filter {name =~ "microblaze*#0" && bscan=="USER2"  && jtag_cable_name =~ "Xilinx A-U200-A64G FT4232H 2129048AJ005A"} -index 0
rst -processor
----------------End of Script----------------

17:30:18 INFO  : 'targets -set -filter {jtag_cable_name =~ "Xilinx A-U200-A64G FT4232H 2129048AJ005A" && level==0} -index 0' command is executed.
17:30:18 INFO  : 'fpga -state' command is executed.
17:30:18 INFO  : Connected to target on host '127.0.0.1' and port '3121'.
17:30:19 INFO  : Jtag cable 'Xilinx A-U200-A64G FT4232H 2129048AJ005A' is selected.
17:30:19 INFO  : 'jtag frequency' command is executed.
17:30:19 INFO  : 'configparams mdm-detect-bscan-mask 2' command is executed.
17:30:19 INFO  : Context for processor 'accelerator_0_microblaze_0' is selected.
17:30:19 INFO  : Processor reset is completed for 'accelerator_0_microblaze_0'.
17:30:19 INFO  : Context for processor 'accelerator_0_microblaze_0' is selected.
17:30:19 INFO  : The application '/home/watson/ads_nas0/work/pcie_dma/u200/2018.3/u200_pciedma_mm/u200_pciedma_mm.sdk/test_accel/Debug/test_accel.elf' is downloaded to processor 'accelerator_0_microblaze_0'.
17:30:19 INFO  : ----------------XSDB Script----------------
connect -url tcp:127.0.0.1:3121
configparams mdm-detect-bscan-mask 2
targets -set -nocase -filter {name =~ "microblaze*#0" && bscan=="USER2"  && jtag_cable_name =~ "Xilinx A-U200-A64G FT4232H 2129048AJ005A"} -index 0
rst -processor
targets -set -nocase -filter {name =~ "microblaze*#0" && bscan=="USER2"  && jtag_cable_name =~ "Xilinx A-U200-A64G FT4232H 2129048AJ005A"} -index 0
dow /home/watson/ads_nas0/work/pcie_dma/u200/2018.3/u200_pciedma_mm/u200_pciedma_mm.sdk/test_accel/Debug/test_accel.elf
----------------End of Script----------------

17:30:19 INFO  : Memory regions updated for context PA
17:30:19 INFO  : Memory regions updated for context MicroBlaze Debug Module at USER2
17:30:19 INFO  : Context for processor 'accelerator_0_microblaze_0' is selected.
17:30:19 INFO  : 'con' command is executed.
17:30:19 INFO  : ----------------XSDB Script (After Launch)----------------
targets -set -nocase -filter {name =~ "microblaze*#0" && bscan=="USER2"  && jtag_cable_name =~ "Xilinx A-U200-A64G FT4232H 2129048AJ005A"} -index 0
con
----------------End of Script----------------

17:30:19 INFO  : Launch script is exported to file '/home/watson/ads_nas0/work/pcie_dma/u200/2018.3/u200_pciedma_mm/u200_pciedma_mm.sdk/.sdk/launch_scripts/xilinx_c-c++_application_(system_debugger)/system_debugger_using_debug_test_accel.elf_on_local.tcl'
17:38:40 INFO  : Disconnected from the channel tcfchan#1.
12:07:31 INFO  : Registering command handlers for SDK TCF services
12:07:34 INFO  : Launching XSCT server: xsct -n -interactive /home/fpga/Mei/Eth/watson/u200_pciedma_mm/u200_pciedma_mm.sdk/temp_xsdb_launch_script.tcl
12:07:36 INFO  : XSCT server has started successfully.
12:07:38 INFO  : Successfully done setting XSCT server connection channel  
12:07:38 INFO  : Successfully done setting SDK workspace  
12:07:38 INFO  : Processing command line option -hwspec /home/fpga/Mei/Eth/watson/u200_pciedma_mm/u200_pciedma_mm.sdk/design_1_wrapper.hdf.
12:09:25 INFO  : 'targets -set -filter {jtag_cable_name =~ "Xilinx A-U200-A64G FT4232H 2129048BF08EA" && level==0} -index 0' command is executed.
12:09:25 INFO  : 'fpga -state' command is executed.
12:09:26 INFO  : Connected to target on host '127.0.0.1' and port '3121'.
12:09:26 INFO  : Jtag cable 'Xilinx A-U200-A64G FT4232H 2129048BF08EA' is selected.
12:09:26 INFO  : 'jtag frequency' command is executed.
12:09:26 INFO  : 'configparams mdm-detect-bscan-mask 2' command is executed.
12:09:26 INFO  : Context for processor 'accelerator_0_microblaze_0' is selected.
12:09:26 INFO  : Processor reset is completed for 'accelerator_0_microblaze_0'.
12:09:26 INFO  : Context for processor 'accelerator_0_microblaze_0' is selected.
12:09:26 INFO  : The application '/home/fpga/Mei/Eth/watson/u200_pciedma_mm/u200_pciedma_mm.sdk/test_accel/Debug/test_accel.elf' is downloaded to processor 'accelerator_0_microblaze_0'.
12:09:26 INFO  : ----------------XSDB Script----------------
connect -url tcp:127.0.0.1:3121
configparams mdm-detect-bscan-mask 2
targets -set -nocase -filter {name =~ "microblaze*#0" && bscan=="USER2"  && jtag_cable_name =~ "Xilinx A-U200-A64G FT4232H 2129048BF08EA"} -index 0
rst -processor
targets -set -nocase -filter {name =~ "microblaze*#0" && bscan=="USER2"  && jtag_cable_name =~ "Xilinx A-U200-A64G FT4232H 2129048BF08EA"} -index 0
dow /home/fpga/Mei/Eth/watson/u200_pciedma_mm/u200_pciedma_mm.sdk/test_accel/Debug/test_accel.elf
----------------End of Script----------------

12:09:26 INFO  : Memory regions updated for context PA
12:09:26 INFO  : Memory regions updated for context PA
12:09:26 INFO  : Context for processor 'accelerator_0_microblaze_0' is selected.
12:09:26 INFO  : 'con' command is executed.
12:09:26 INFO  : ----------------XSDB Script (After Launch)----------------
targets -set -nocase -filter {name =~ "microblaze*#0" && bscan=="USER2"  && jtag_cable_name =~ "Xilinx A-U200-A64G FT4232H 2129048BF08EA"} -index 0
con
----------------End of Script----------------

12:09:26 INFO  : Launch script is exported to file '/home/fpga/Mei/Eth/watson/u200_pciedma_mm/u200_pciedma_mm.sdk/.sdk/launch_scripts/xilinx_c-c++_application_(system_debugger)/system_debugger_using_debug_test_accel.elf_on_local.tcl'
13:08:33 ERROR : (XSDB Server)Terminated

13:08:33 WARN  : Unexpected exception occurred.
java.io.IOException: Command [C 106 xsdb eval "disconnect tcfchan#1"] aborted
	at org.eclipse.tcf.core.AbstractChannel$9.run(AbstractChannel.java:838)
	at org.eclipse.tcf.EventQueue.run(EventQueue.java:95)
	at java.lang.Thread.run(Thread.java:745)
Caused by: java.io.IOException: Communication channel is closed by remote peer
	at org.eclipse.tcf.core.AbstractChannel$1$2.run(AbstractChannel.java:381)
	... 2 more
09:19:13 INFO  : Registering command handlers for SDK TCF services
09:19:15 INFO  : Launching XSCT server: xsct -n -interactive /home/fpga/mei/Eth/20190806/u200_pciedma_mm/u200_pciedma_mm.sdk/temp_xsdb_launch_script.tcl
09:19:18 INFO  : XSCT server has started successfully.
09:19:22 INFO  : Successfully done setting XSCT server connection channel  
09:19:22 INFO  : Successfully done setting SDK workspace  
09:19:22 INFO  : Processing command line option -hwspec /home/fpga/mei/Eth/20190806/u200_pciedma_mm/u200_pciedma_mm.sdk/design_1_wrapper.hdf.
09:25:49 INFO  : Launching XSCT server: xsct -n -interactive /home/fpga/Mei/Eth/WIP/20190807/u200_pciedma_mm/u200_pciedma_mm.sdk/temp_xsdb_launch_script.tcl
09:25:52 INFO  : XSCT server has started successfully.
09:25:52 INFO  : Successfully done setting XSCT server connection channel  
09:25:56 INFO  : Successfully done setting SDK workspace  
09:25:57 INFO  : Registering command handlers for SDK TCF services
09:25:58 INFO  : Processing command line option -hwspec /home/fpga/Mei/Eth/WIP/20190807/u200_pciedma_mm/u200_pciedma_mm.sdk/design_1_wrapper.hdf.
09:51:33 ERROR : (XSDB Server)Terminated

10:12:19 INFO  : Registering command handlers for SDK TCF services
10:12:21 INFO  : Launching XSCT server: xsct -n -interactive /home/fpga/Mei/Eth/WIP/20190807/u200_pciedma_mm/u200_pciedma_mm.sdk/temp_xsdb_launch_script.tcl
10:12:24 INFO  : XSCT server has started successfully.
10:12:26 INFO  : Successfully done setting XSCT server connection channel  
10:12:26 INFO  : Successfully done setting SDK workspace  
10:12:26 INFO  : Processing command line option -hwspec /home/fpga/Mei/Eth/WIP/20190807/u200_pciedma_mm/u200_pciedma_mm.sdk/design_1_wrapper.hdf.
10:21:31 INFO  : 'targets -set -filter {jtag_cable_name =~ "Xilinx A-U200-A64G FT4232H 2129048BF08EA" && level==0} -index 0' command is executed.
10:21:32 INFO  : 'fpga -state' command is executed.
10:21:32 INFO  : Connected to target on host '127.0.0.1' and port '3121'.
10:21:32 INFO  : Jtag cable 'Xilinx A-U200-A64G FT4232H 2129048BF08EA' is selected.
10:21:32 INFO  : 'jtag frequency' command is executed.
10:21:32 INFO  : 'configparams mdm-detect-bscan-mask 2' command is executed.
10:21:32 INFO  : Context for processor 'accelerator_0_microblaze_0' is selected.
10:21:32 ERROR : Cannot stop MicroBlaze. MicroBlaze is held in reset
10:21:32 INFO  : ----------------XSDB Script----------------
connect -url tcp:127.0.0.1:3121
configparams mdm-detect-bscan-mask 2
targets -set -nocase -filter {name =~ "microblaze*#0" && bscan=="USER2"  && jtag_cable_name =~ "Xilinx A-U200-A64G FT4232H 2129048BF08EA"} -index 0
rst -processor
----------------End of Script----------------

10:22:27 INFO  : 'targets -set -filter {jtag_cable_name =~ "Xilinx A-U200-A64G FT4232H 2129048BF08EA" && level==0} -index 0' command is executed.
10:22:27 INFO  : 'fpga -state' command is executed.
10:22:27 INFO  : Connected to target on host '127.0.0.1' and port '3121'.
10:22:27 INFO  : Jtag cable 'Xilinx A-U200-A64G FT4232H 2129048BF08EA' is selected.
10:22:27 INFO  : 'jtag frequency' command is executed.
10:22:27 INFO  : 'configparams mdm-detect-bscan-mask 2' command is executed.
10:22:27 INFO  : Context for processor 'accelerator_0_microblaze_0' is selected.
10:22:27 ERROR : Cannot stop MicroBlaze. MicroBlaze is held in reset
10:22:27 INFO  : ----------------XSDB Script----------------
connect -url tcp:127.0.0.1:3121
configparams mdm-detect-bscan-mask 2
targets -set -nocase -filter {name =~ "microblaze*#0" && bscan=="USER2"  && jtag_cable_name =~ "Xilinx A-U200-A64G FT4232H 2129048BF08EA"} -index 0
rst -processor
----------------End of Script----------------

10:51:12 ERROR : (XSDB Server)Terminated

10:58:43 INFO  : Registering command handlers for SDK TCF services
10:58:45 INFO  : Launching XSCT server: xsct -n -interactive /home/fpga/Mei/Eth/WIP/20190807/u200_pciedma_mm/u200_pciedma_mm.sdk/temp_xsdb_launch_script.tcl
10:58:48 INFO  : XSCT server has started successfully.
10:58:48 INFO  : Successfully done setting XSCT server connection channel  
10:58:51 INFO  : Successfully done setting SDK workspace  
10:58:51 INFO  : Processing command line option -hwspec /home/fpga/Mei/Eth/WIP/20190807/u200_pciedma_mm/u200_pciedma_mm.sdk/design_1_wrapper.hdf.
15:04:54 INFO  : Registering command handlers for SDK TCF services
15:04:56 INFO  : Launching XSCT server: xsct -n -interactive /home/fpga/Mei/Eth/WIP/20190807/u200_pciedma_mm/u200_pciedma_mm.sdk/temp_xsdb_launch_script.tcl
15:05:00 INFO  : XSCT server has started successfully.
15:05:03 INFO  : Successfully done setting XSCT server connection channel  
15:05:03 INFO  : Successfully done setting SDK workspace  
15:05:03 INFO  : Processing command line option -hwspec /home/fpga/Mei/Eth/WIP/20190807/u200_pciedma_mm/u200_pciedma_mm.sdk/design_1_wrapper.hdf.
16:28:47 INFO  : Registering command handlers for SDK TCF services
16:28:48 INFO  : Launching XSCT server: xsct -n -interactive /home/fpga/Mei/Eth/WIP/20190807/u200_pciedma_mm/u200_pciedma_mm.sdk/temp_xsdb_launch_script.tcl
16:28:49 INFO  : XSCT server has started successfully.
16:28:49 INFO  : Successfully done setting XSCT server connection channel  
16:28:49 INFO  : Successfully done setting SDK workspace  
16:28:49 INFO  : Processing command line option -hwspec /home/fpga/Mei/Eth/WIP/20190807/u200_pciedma_mm/u200_pciedma_mm.sdk/design_1_wrapper.hdf.
16:28:49 INFO  : Checking for hwspec changes in the project design_1_wrapper_hw_platform_0.
16:29:09 INFO  : 'targets -set -filter {jtag_cable_name =~ "Xilinx A-U200-A64G FT4232H 2129048BF08EA" && level==0} -index 0' command is executed.
16:29:09 INFO  : 'fpga -state' command is executed.
16:29:09 INFO  : Connected to target on host '127.0.0.1' and port '3121'.
16:29:09 INFO  : Jtag cable 'Xilinx A-U200-A64G FT4232H 2129048BF08EA' is selected.
16:29:09 INFO  : 'jtag frequency' command is executed.
16:29:09 INFO  : 'configparams mdm-detect-bscan-mask 2' command is executed.
16:29:09 INFO  : Context for processor 'accelerator_0_microblaze_0' is selected.
16:29:09 INFO  : Processor reset is completed for 'accelerator_0_microblaze_0'.
16:29:10 INFO  : Context for processor 'accelerator_0_microblaze_0' is selected.
16:29:10 INFO  : The application '/home/fpga/Mei/Eth/WIP/20190807/u200_pciedma_mm/u200_pciedma_mm.sdk/test_accel/Debug/test_accel.elf' is downloaded to processor 'accelerator_0_microblaze_0'.
16:29:10 INFO  : ----------------XSDB Script----------------
connect -url tcp:127.0.0.1:3121
configparams mdm-detect-bscan-mask 2
targets -set -nocase -filter {name =~ "microblaze*#0" && bscan=="USER2"  && jtag_cable_name =~ "Xilinx A-U200-A64G FT4232H 2129048BF08EA"} -index 0
rst -processor
targets -set -nocase -filter {name =~ "microblaze*#0" && bscan=="USER2"  && jtag_cable_name =~ "Xilinx A-U200-A64G FT4232H 2129048BF08EA"} -index 0
dow /home/fpga/Mei/Eth/WIP/20190807/u200_pciedma_mm/u200_pciedma_mm.sdk/test_accel/Debug/test_accel.elf
----------------End of Script----------------

16:29:10 INFO  : Memory regions updated for context PA
16:29:10 INFO  : Memory regions updated for context PA
16:29:10 INFO  : Context for processor 'accelerator_0_microblaze_0' is selected.
16:29:10 INFO  : 'con' command is executed.
16:29:10 INFO  : ----------------XSDB Script (After Launch)----------------
targets -set -nocase -filter {name =~ "microblaze*#0" && bscan=="USER2"  && jtag_cable_name =~ "Xilinx A-U200-A64G FT4232H 2129048BF08EA"} -index 0
con
----------------End of Script----------------

16:29:10 INFO  : Launch script is exported to file '/home/fpga/Mei/Eth/WIP/20190807/u200_pciedma_mm/u200_pciedma_mm.sdk/.sdk/launch_scripts/xilinx_c-c++_application_(system_debugger)/system_debugger_using_debug_test_accel.elf_on_local.tcl'
16:29:58 INFO  : Disconnected from the channel tcfchan#1.
16:30:00 INFO  : 'targets -set -filter {jtag_cable_name =~ "Xilinx A-U200-A64G FT4232H 2129048BF08EA" && level==0} -index 0' command is executed.
16:30:00 INFO  : 'fpga -state' command is executed.
16:30:00 INFO  : Connected to target on host '127.0.0.1' and port '3121'.
16:30:00 INFO  : Jtag cable 'Xilinx A-U200-A64G FT4232H 2129048BF08EA' is selected.
16:30:00 INFO  : 'jtag frequency' command is executed.
16:30:00 INFO  : 'configparams mdm-detect-bscan-mask 2' command is executed.
16:30:00 INFO  : Context for processor 'accelerator_0_microblaze_0' is selected.
16:30:01 INFO  : Processor reset is completed for 'accelerator_0_microblaze_0'.
16:30:01 INFO  : Context for processor 'accelerator_0_microblaze_0' is selected.
16:30:01 INFO  : The application '/home/fpga/Mei/Eth/WIP/20190807/u200_pciedma_mm/u200_pciedma_mm.sdk/test_accel/Debug/test_accel.elf' is downloaded to processor 'accelerator_0_microblaze_0'.
16:30:01 INFO  : ----------------XSDB Script----------------
connect -url tcp:127.0.0.1:3121
configparams mdm-detect-bscan-mask 2
targets -set -nocase -filter {name =~ "microblaze*#0" && bscan=="USER2"  && jtag_cable_name =~ "Xilinx A-U200-A64G FT4232H 2129048BF08EA"} -index 0
rst -processor
targets -set -nocase -filter {name =~ "microblaze*#0" && bscan=="USER2"  && jtag_cable_name =~ "Xilinx A-U200-A64G FT4232H 2129048BF08EA"} -index 0
dow /home/fpga/Mei/Eth/WIP/20190807/u200_pciedma_mm/u200_pciedma_mm.sdk/test_accel/Debug/test_accel.elf
----------------End of Script----------------

16:30:01 INFO  : Memory regions updated for context PA
16:30:01 INFO  : Memory regions updated for context PA
16:30:01 INFO  : Context for processor 'accelerator_0_microblaze_0' is selected.
16:30:01 INFO  : 'con' command is executed.
16:30:01 INFO  : ----------------XSDB Script (After Launch)----------------
targets -set -nocase -filter {name =~ "microblaze*#0" && bscan=="USER2"  && jtag_cable_name =~ "Xilinx A-U200-A64G FT4232H 2129048BF08EA"} -index 0
con
----------------End of Script----------------

16:30:01 INFO  : Launch script is exported to file '/home/fpga/Mei/Eth/WIP/20190807/u200_pciedma_mm/u200_pciedma_mm.sdk/.sdk/launch_scripts/xilinx_c-c++_application_(system_debugger)/system_debugger_using_debug_test_accel.elf_on_local.tcl'
